<?xml version="1.0" encoding="UTF-8"?>
<testng-results ignored="0" total="1" passed="1" failed="0" skipped="0">
  <reporter-output>
  </reporter-output>
  <suite started-at="2024-07-11T00:32:48 IST" name="Suite" finished-at="2024-07-11T00:33:08 IST" duration-ms="20102">
    <groups>
    </groups>
    <test started-at="2024-07-11T00:32:48 IST" name="Test" finished-at="2024-07-11T00:33:08 IST" duration-ms="20102">
      <class name="execution_Pkg.ExecutionDemo">
        <test-method signature="ExecuteBrowserURL(java.lang.String,int)[pri:0, instance:execution_Pkg.ExecutionDemo@3c130745]" started-at="2024-07-11T00:32:48 IST" name="ExecuteBrowserURL" finished-at="2024-07-11T00:33:08 IST" duration-ms="20000" status="PASS">
          <params>
            <param index="0">
              <value>
                <![CDATA[https://www.hotstar.com/]]>
              </value>
            </param>
            <param index="1">
              <value>
                <![CDATA[5]]>
              </value>
            </param>
          </params>
          <reporter-output>
          </reporter-output>
        </test-method> <!-- ExecuteBrowserURL -->
      </class> <!-- execution_Pkg.ExecutionDemo -->
    </test> <!-- Test -->
  </suite> <!-- Suite -->
</testng-results>
